INFO 2025-09-04 04:13:04,030 middleware 15 127402039716736 API GET /api/v1/profile/ - 0.001s - 401
INFO 2025-09-04 05:02:42,805 middleware 15 140314741922688 API GET /api/v1/profile/ - 0.001s - 401
INFO 2025-09-04 05:08:35,066 middleware 15 140314741922688 API GET /api/ - 0.001s - 404
INFO 2025-09-04 05:12:37,070 middleware 15 140314741922688 API POST /api/v1/token/ - 0.186s - 200
INFO 2025-09-04 05:19:35,537 middleware 15 140314741922688 API POST /api/v1/token/ - 0.162s - 200
INFO 2025-09-04 05:32:26,779 middleware 15 140314741922688 API GET /api/v1/reviews/assigned/ - 0.005s - 401
INFO 2025-09-04 05:32:26,793 middleware 15 140314741922688 API GET /api/v1/notifications/unread-count/ - 0.002s - 401
INFO 2025-09-04 05:32:26,799 middleware 15 140314741922688 API GET /api/v1/student/enrolled_courses/ - 0.002s - 401
INFO 2025-09-04 05:32:26,828 middleware 15 140314741922688 API GET /api/v1/teocoin/balance/ - 0.013s - 401
INFO 2025-09-04 05:32:26,838 middleware 15 140314741922688 API GET /api/v1/notifications/unread-count/ - 0.002s - 401
INFO 2025-09-04 05:32:26,845 middleware 15 140314741922688 API GET /api/v1/student/enrolled_courses/ - 0.001s - 401
INFO 2025-09-04 05:32:26,851 middleware 15 140314741922688 API GET /api/v1/reviews/assigned/ - 0.001s - 401
INFO 2025-09-04 05:32:26,862 middleware 15 140314741922688 API GET /api/v1/teocoin/balance/ - 0.005s - 401
INFO 2025-09-04 05:32:26,872 middleware 15 140314741922688 API GET /api/v1/notifications/unread-count/ - 0.004s - 401
INFO 2025-09-04 05:32:26,878 middleware 15 140314741922688 API GET /api/v1/notifications/unread-count/ - 0.001s - 401
INFO 2025-09-04 05:32:26,998 middleware 15 140314741922688 API GET /api/v1/notifications/unread-count/ - 0.003s - 401
INFO 2025-09-04 05:32:27,091 middleware 15 140314741922688 API POST /api/v1/token/refresh/ - 0.020s - 401
INFO 2025-09-04 05:32:27,100 middleware 15 140314741922688 API GET /api/v1/courses/ - 0.005s - 401
INFO 2025-09-04 05:32:27,109 middleware 15 140314741922688 API GET /api/v1/notifications/unread-count/ - 0.002s - 401
INFO 2025-09-04 05:32:27,122 middleware 15 140314741922688 API POST /api/v1/token/refresh/ - 0.004s - 401
INFO 2025-09-04 05:32:27,128 middleware 15 140314741922688 API POST /api/v1/token/refresh/ - 0.002s - 401
INFO 2025-09-04 05:32:27,145 middleware 15 140314741922688 API POST /api/v1/token/refresh/ - 0.002s - 401
INFO 2025-09-04 05:32:27,165 middleware 15 140314741922688 API POST /api/v1/token/refresh/ - 0.016s - 401
INFO 2025-09-04 05:32:27,176 middleware 15 140314741922688 API POST /api/v1/token/refresh/ - 0.005s - 401
INFO 2025-09-04 05:32:27,184 middleware 15 140314741922688 API POST /api/v1/token/refresh/ - 0.002s - 401
INFO 2025-09-04 05:32:27,203 middleware 15 140314741922688 API POST /api/v1/token/refresh/ - 0.002s - 401
INFO 2025-09-04 05:32:27,941 middleware 15 140314741922688 API POST /api/v1/token/refresh/ - 0.729s - 401
INFO 2025-09-04 05:32:27,951 middleware 15 140314741922688 API GET /api/v1/courses/ - 0.001s - 401
INFO 2025-09-04 05:32:27,956 middleware 15 140314741922688 API POST /api/v1/token/refresh/ - 0.002s - 401
INFO 2025-09-04 05:32:27,968 middleware 15 140314741922688 API POST /api/v1/token/refresh/ - 0.002s - 401
INFO 2025-09-04 05:32:27,973 middleware 15 140314741922688 API POST /api/v1/token/refresh/ - 0.001s - 401
INFO 2025-09-04 05:32:27,984 middleware 15 140314741922688 API POST /api/v1/token/refresh/ - 0.002s - 401
INFO 2025-09-04 05:32:27,993 middleware 15 140314741922688 API GET /api/v1/notifications/unread-count/ - 0.003s - 401
INFO 2025-09-04 05:32:28,003 middleware 15 140314741922688 API GET /api/v1/notifications/unread-count/ - 0.002s - 401
INFO 2025-09-04 05:32:28,009 middleware 15 140314741922688 API POST /api/v1/token/refresh/ - 0.003s - 401
INFO 2025-09-04 05:32:28,051 middleware 15 140314741922688 API POST /api/v1/token/refresh/ - 0.002s - 401
INFO 2025-09-04 05:32:28,062 middleware 15 140314741922688 API GET /api/v1/student/enrolled_courses/ - 0.007s - 401
INFO 2025-09-04 05:32:28,070 middleware 15 140314741922688 API POST /api/v1/token/refresh/ - 0.002s - 401
INFO 2025-09-04 05:32:28,129 middleware 15 140314741922688 API POST /api/v1/token/refresh/ - 0.002s - 401
INFO 2025-09-04 05:32:32,867 middleware 15 140314741922688 API POST /api/v1/token/ - 0.277s - 200
INFO 2025-09-04 05:32:32,880 middleware 15 140314741922688 API GET /api/v1/dashboard/role/ - 0.003s - 200
INFO 2025-09-04 05:32:32,894 middleware 15 140314741922688 API GET /api/v1/profile/ - 0.002s - 401
INFO 2025-09-04 05:32:32,908 middleware 15 140314741922688 API POST /api/v1/token/refresh/ - 0.001s - 401
INFO 2025-09-04 05:32:32,978 middleware 15 140314741922688 API GET /api/v1/teacher-choices/pending/ - 0.002s - 401
INFO 2025-09-04 05:32:32,994 middleware 15 140314741922688 API GET /api/v1/student/enrolled_courses/ - 0.008s - 401
INFO 2025-09-04 05:32:33,000 middleware 15 140314741922688 API GET /api/v1/notifications/unread-count/ - 0.002s - 401
INFO 2025-09-04 05:32:33,015 middleware 15 140314741922688 API GET /api/v1/pending-teachers/ - 0.006s - 401
INFO 2025-09-04 05:32:33,022 middleware 15 140314741922688 API GET /api/v1/student/enrolled_courses/ - 0.002s - 401
INFO 2025-09-04 05:32:33,037 middleware 15 140314741922688 API GET /api/v1/reviews/assigned/ - 0.002s - 401
INFO 2025-09-04 05:32:33,053 middleware 15 140314741922688 API GET /api/v1/teocoin/balance/ - 0.011s - 401
INFO 2025-09-04 05:32:33,060 middleware 15 140314741922688 API GET /api/v1/reviews/assigned/ - 0.002s - 401
INFO 2025-09-04 05:32:33,071 middleware 15 140314741922688 API GET /api/v1/notifications/unread-count/ - 0.005s - 401
INFO 2025-09-04 05:32:33,078 middleware 15 140314741922688 API GET /api/v1/teocoin/balance/ - 0.002s - 401
INFO 2025-09-04 05:32:33,084 middleware 15 140314741922688 API GET /api/v1/teacher-choices/pending/ - 0.003s - 401
INFO 2025-09-04 05:32:33,105 middleware 15 140314741922688 API GET /api/v1/pending-teachers/ - 0.011s - 401
INFO 2025-09-04 05:32:33,115 middleware 15 140314741922688 API POST /api/v1/token/refresh/ - 0.003s - 401
INFO 2025-09-04 05:32:33,124 middleware 15 140314741922688 API POST /api/v1/token/refresh/ - 0.003s - 401
INFO 2025-09-04 05:32:33,133 middleware 15 140314741922688 API POST /api/v1/token/refresh/ - 0.002s - 401
INFO 2025-09-04 05:32:33,145 middleware 15 140314741922688 API POST /api/v1/token/refresh/ - 0.002s - 401
INFO 2025-09-04 05:32:33,155 middleware 15 140314741922688 API POST /api/v1/token/refresh/ - 0.002s - 401
INFO 2025-09-04 05:32:33,167 middleware 15 140314741922688 API POST /api/v1/token/refresh/ - 0.004s - 401
INFO 2025-09-04 05:32:33,174 middleware 15 140314741922688 API POST /api/v1/token/refresh/ - 0.002s - 401
INFO 2025-09-04 05:32:33,179 middleware 15 140314741922688 API POST /api/v1/token/refresh/ - 0.001s - 401
INFO 2025-09-04 05:32:33,189 middleware 15 140314741922688 API POST /api/v1/token/refresh/ - 0.002s - 401
INFO 2025-09-04 05:32:33,195 middleware 15 140314741922688 API POST /api/v1/token/refresh/ - 0.002s - 401
INFO 2025-09-04 05:32:33,201 middleware 15 140314741922688 API POST /api/v1/token/refresh/ - 0.002s - 401
INFO 2025-09-04 05:32:33,210 middleware 15 140314741922688 API POST /api/v1/token/refresh/ - 0.003s - 401
INFO 2025-09-04 05:32:33,234 middleware 15 140314741922688 API GET /api/v1/notifications/unread-count/ - 0.001s - 401
INFO 2025-09-04 05:32:33,240 middleware 15 140314741922688 API GET /api/v1/notifications/unread-count/ - 0.001s - 401
INFO 2025-09-04 05:32:33,247 middleware 15 140314741922688 API GET /api/v1/teacher-choices/pending/ - 0.002s - 401
INFO 2025-09-04 05:32:33,260 middleware 15 140314741922688 API GET /api/v1/teacher-choices/pending/ - 0.003s - 401
INFO 2025-09-04 05:32:33,269 middleware 15 140314741922688 API POST /api/v1/token/refresh/ - 0.002s - 401
INFO 2025-09-04 05:32:33,282 middleware 15 140314741922688 API POST /api/v1/token/refresh/ - 0.002s - 401
INFO 2025-09-04 05:32:33,289 middleware 15 140314741922688 API POST /api/v1/token/refresh/ - 0.003s - 401
INFO 2025-09-04 05:32:33,299 middleware 15 140314741922688 API POST /api/v1/token/refresh/ - 0.002s - 401
INFO 2025-09-04 05:33:05,126 middleware 15 140314741922688 API GET /api/v1/profile/ - 0.004s - 401
INFO 2025-09-04 05:33:05,134 middleware 15 140314741922688 API GET /api/v1/profile/ - 0.002s - 401
INFO 2025-09-04 05:33:05,159 middleware 15 140314741922688 API POST /api/v1/token/refresh/ - 0.004s - 401
INFO 2025-09-04 05:33:05,184 middleware 15 140314741922688 API POST /api/v1/token/refresh/ - 0.001s - 401
INFO 2025-09-04 05:33:25,420 middleware 15 140314741922688 API GET /api/v1/notifications/unread-count/ - 0.001s - 401
INFO 2025-09-04 05:33:25,425 middleware 15 140314741922688 API GET /api/v1/teacher-choices/pending/ - 0.002s - 401
INFO 2025-09-04 05:33:25,430 middleware 15 140314741922688 API GET /api/v1/teacher-choices/pending/ - 0.001s - 401
INFO 2025-09-04 05:33:25,440 middleware 15 140314741922688 API GET /api/v1/notifications/unread-count/ - 0.001s - 401
INFO 2025-09-04 05:33:25,446 middleware 15 140314741922688 API POST /api/v1/token/refresh/ - 0.002s - 401
INFO 2025-09-04 05:33:25,453 middleware 15 140314741922688 API POST /api/v1/token/refresh/ - 0.004s - 401
INFO 2025-09-04 05:33:25,459 middleware 15 140314741922688 API POST /api/v1/token/refresh/ - 0.002s - 401
INFO 2025-09-04 05:33:25,463 middleware 15 140314741922688 API POST /api/v1/token/refresh/ - 0.001s - 401
INFO 2025-09-04 05:33:30,131 middleware 15 140314741922688 API GET /api/v1/notifications/unread-count/ - 0.001s - 401
INFO 2025-09-04 05:33:30,135 middleware 15 140314741922688 API GET /api/v1/teacher-choices/pending/ - 0.001s - 401
INFO 2025-09-04 05:33:30,139 middleware 15 140314741922688 API GET /api/v1/teacher-choices/pending/ - 0.001s - 401
INFO 2025-09-04 05:33:30,144 middleware 15 140314741922688 API GET /api/v1/notifications/unread-count/ - 0.001s - 401
INFO 2025-09-04 05:33:30,151 middleware 15 140314741922688 API POST /api/v1/token/refresh/ - 0.001s - 401
INFO 2025-09-04 05:33:30,157 middleware 15 140314741922688 API POST /api/v1/token/refresh/ - 0.002s - 401
INFO 2025-09-04 05:33:30,162 middleware 15 140314741922688 API POST /api/v1/token/refresh/ - 0.001s - 401
INFO 2025-09-04 05:33:30,166 middleware 15 140314741922688 API POST /api/v1/token/refresh/ - 0.001s - 401
INFO 2025-09-04 05:33:34,708 middleware 15 140314741922688 API GET /api/v1/notifications/unread-count/ - 0.001s - 401
INFO 2025-09-04 05:33:34,712 middleware 15 140314741922688 API GET /api/v1/teacher-choices/pending/ - 0.001s - 401
INFO 2025-09-04 05:33:34,719 middleware 15 140314741922688 API GET /api/v1/notifications/unread-count/ - 0.002s - 401
INFO 2025-09-04 05:33:34,723 middleware 15 140314741922688 API GET /api/v1/teacher-choices/pending/ - 0.001s - 401
INFO 2025-09-04 05:33:34,727 middleware 15 140314741922688 API GET /api/v1/courses/ - 0.001s - 401
INFO 2025-09-04 05:33:34,731 middleware 15 140314741922688 API GET /api/v1/courses/ - 0.001s - 401
INFO 2025-09-04 05:33:34,774 middleware 15 140314741922688 API POST /api/v1/token/refresh/ - 0.002s - 401
INFO 2025-09-04 05:33:34,781 middleware 15 140314741922688 API POST /api/v1/token/refresh/ - 0.003s - 401
INFO 2025-09-04 05:33:34,789 middleware 15 140314741922688 API POST /api/v1/token/refresh/ - 0.002s - 401
INFO 2025-09-04 05:33:34,792 middleware 15 140314741922688 API POST /api/v1/token/refresh/ - 0.001s - 401
INFO 2025-09-04 05:33:34,797 middleware 15 140314741922688 API POST /api/v1/token/refresh/ - 0.001s - 401
INFO 2025-09-04 05:33:34,804 middleware 15 140314741922688 API POST /api/v1/token/refresh/ - 0.002s - 401
INFO 2025-09-04 05:33:34,813 middleware 15 140314741922688 API GET /api/v1/student/enrolled_courses/ - 0.001s - 401
INFO 2025-09-04 05:33:34,835 middleware 15 140314741922688 API POST /api/v1/token/refresh/ - 0.001s - 401
INFO 2025-09-04 05:33:36,274 middleware 15 140314741922688 API GET /api/v1/notifications/unread-count/ - 0.001s - 401
INFO 2025-09-04 05:33:36,278 middleware 15 140314741922688 API GET /api/v1/teacher-choices/pending/ - 0.001s - 401
INFO 2025-09-04 05:33:36,285 middleware 15 140314741922688 API GET /api/v1/teacher-choices/pending/ - 0.002s - 401
INFO 2025-09-04 05:33:36,292 middleware 15 140314741922688 API GET /api/v1/notifications/unread-count/ - 0.002s - 401
INFO 2025-09-04 05:33:36,297 middleware 15 140314741922688 API POST /api/v1/token/refresh/ - 0.003s - 401
INFO 2025-09-04 05:33:36,308 middleware 15 140314741922688 API GET /api/v1/notifications/unread-count/ - 0.002s - 401
INFO 2025-09-04 05:33:36,314 middleware 15 140314741922688 API GET /api/v1/teacher-choices/pending/ - 0.002s - 401
INFO 2025-09-04 05:33:36,318 middleware 15 140314741922688 API GET /api/v1/notifications/unread-count/ - 0.001s - 401
INFO 2025-09-04 05:33:36,321 middleware 15 140314741922688 API GET /api/v1/courses/ - 0.001s - 401
INFO 2025-09-04 05:33:36,328 middleware 15 140314741922688 API GET /api/v1/courses/ - 0.004s - 401
INFO 2025-09-04 05:33:36,333 middleware 15 140314741922688 API GET /api/v1/teacher-choices/pending/ - 0.001s - 401
INFO 2025-09-04 05:33:36,354 middleware 15 140314741922688 API POST /api/v1/token/refresh/ - 0.001s - 401
INFO 2025-09-04 05:33:36,370 middleware 15 140314741922688 API POST /api/v1/token/refresh/ - 0.002s - 401
INFO 2025-09-04 05:33:36,374 middleware 15 140314741922688 API POST /api/v1/token/refresh/ - 0.001s - 401
INFO 2025-09-04 05:33:36,380 middleware 15 140314741922688 API POST /api/v1/token/refresh/ - 0.002s - 401
INFO 2025-09-04 05:33:36,384 middleware 15 140314741922688 API POST /api/v1/token/refresh/ - 0.001s - 401
INFO 2025-09-04 05:33:36,387 middleware 15 140314741922688 API POST /api/v1/token/refresh/ - 0.001s - 401
INFO 2025-09-04 05:33:36,392 middleware 15 140314741922688 API POST /api/v1/token/refresh/ - 0.002s - 401
INFO 2025-09-04 05:33:36,398 middleware 15 140314741922688 API POST /api/v1/token/refresh/ - 0.001s - 401
INFO 2025-09-04 05:33:36,401 middleware 15 140314741922688 API POST /api/v1/token/refresh/ - 0.001s - 401
INFO 2025-09-04 05:33:36,416 middleware 15 140314741922688 API GET /api/v1/student/enrolled_courses/ - 0.001s - 401
INFO 2025-09-04 05:33:36,426 middleware 15 140314741922688 API POST /api/v1/token/refresh/ - 0.002s - 401
INFO 2025-09-04 05:33:38,740 middleware 15 140314741922688 API GET /api/v1/notifications/unread-count/ - 0.001s - 401
INFO 2025-09-04 05:33:38,745 middleware 15 140314741922688 API GET /api/v1/notifications/unread-count/ - 0.002s - 401
INFO 2025-09-04 05:33:38,756 middleware 15 140314741922688 API GET /api/v1/teacher-choices/pending/ - 0.003s - 401
INFO 2025-09-04 05:33:38,760 middleware 15 140314741922688 API GET /api/v1/teacher-choices/pending/ - 0.001s - 401
INFO 2025-09-04 05:33:38,765 middleware 15 140314741922688 API GET /api/v1/notifications/unread-count/ - 0.001s - 401
INFO 2025-09-04 05:33:38,772 middleware 15 140314741922688 API GET /api/v1/notifications/unread-count/ - 0.002s - 401
INFO 2025-09-04 05:33:38,781 middleware 15 140314741922688 API GET /api/v1/teacher-choices/pending/ - 0.001s - 401
INFO 2025-09-04 05:33:38,786 middleware 15 140314741922688 API GET /api/v1/teacher-choices/pending/ - 0.002s - 401
INFO 2025-09-04 05:33:38,797 middleware 15 140314741922688 API POST /api/v1/token/refresh/ - 0.002s - 401
INFO 2025-09-04 05:33:38,802 middleware 15 140314741922688 API POST /api/v1/token/refresh/ - 0.002s - 401
INFO 2025-09-04 05:33:38,808 middleware 15 140314741922688 API POST /api/v1/token/refresh/ - 0.002s - 401
INFO 2025-09-04 05:33:38,813 middleware 15 140314741922688 API POST /api/v1/token/refresh/ - 0.001s - 401
INFO 2025-09-04 05:33:38,820 middleware 15 140314741922688 API POST /api/v1/token/refresh/ - 0.001s - 401
INFO 2025-09-04 05:33:38,828 middleware 15 140314741922688 API POST /api/v1/token/refresh/ - 0.003s - 401
INFO 2025-09-04 05:33:38,833 middleware 15 140314741922688 API POST /api/v1/token/refresh/ - 0.001s - 401
INFO 2025-09-04 05:33:38,836 middleware 15 140314741922688 API POST /api/v1/token/refresh/ - 0.001s - 401
INFO 2025-09-04 05:33:42,842 middleware 15 140314741922688 API GET /api/v1/notifications/unread-count/ - 0.001s - 401
INFO 2025-09-04 05:33:42,849 middleware 15 140314741922688 API GET /api/v1/notifications/unread-count/ - 0.002s - 401
INFO 2025-09-04 05:33:42,857 middleware 15 140314741922688 API GET /api/v1/teacher-choices/pending/ - 0.002s - 401
INFO 2025-09-04 05:33:42,863 middleware 15 140314741922688 API GET /api/v1/teacher-choices/pending/ - 0.001s - 401
INFO 2025-09-04 05:33:42,869 middleware 15 140314741922688 API GET /api/v1/notifications/unread-count/ - 0.001s - 401
INFO 2025-09-04 05:33:42,874 middleware 15 140314741922688 API GET /api/v1/teacher-choices/pending/ - 0.001s - 401
INFO 2025-09-04 05:33:42,880 middleware 15 140314741922688 API GET /api/v1/courses/ - 0.001s - 401
INFO 2025-09-04 05:33:42,884 middleware 15 140314741922688 API GET /api/v1/notifications/unread-count/ - 0.001s - 401
INFO 2025-09-04 05:33:42,888 middleware 15 140314741922688 API GET /api/v1/teacher-choices/pending/ - 0.001s - 401
INFO 2025-09-04 05:33:42,892 middleware 15 140314741922688 API GET /api/v1/courses/ - 0.001s - 401
INFO 2025-09-04 05:33:42,921 middleware 15 140314741922688 API POST /api/v1/token/refresh/ - 0.002s - 401
INFO 2025-09-04 05:33:42,930 middleware 15 140314741922688 API POST /api/v1/token/refresh/ - 0.004s - 401
INFO 2025-09-04 05:33:42,937 middleware 15 140314741922688 API POST /api/v1/token/refresh/ - 0.002s - 401
INFO 2025-09-04 05:33:42,942 middleware 15 140314741922688 API POST /api/v1/token/refresh/ - 0.002s - 401
INFO 2025-09-04 05:33:42,952 middleware 15 140314741922688 API POST /api/v1/token/refresh/ - 0.005s - 401
INFO 2025-09-04 05:33:42,962 middleware 15 140314741922688 API POST /api/v1/token/refresh/ - 0.002s - 401
INFO 2025-09-04 05:33:42,966 middleware 15 140314741922688 API POST /api/v1/token/refresh/ - 0.001s - 401
INFO 2025-09-04 05:33:42,978 middleware 15 140314741922688 API POST /api/v1/token/refresh/ - 0.003s - 401
INFO 2025-09-04 05:33:42,984 middleware 15 140314741922688 API POST /api/v1/token/refresh/ - 0.002s - 401
INFO 2025-09-04 05:33:42,990 middleware 15 140314741922688 API POST /api/v1/token/refresh/ - 0.002s - 401
INFO 2025-09-04 05:33:43,021 middleware 15 140314741922688 API GET /api/v1/student/enrolled_courses/ - 0.001s - 401
INFO 2025-09-04 05:33:43,033 middleware 15 140314741922688 API POST /api/v1/token/refresh/ - 0.001s - 401
INFO 2025-09-04 05:33:44,312 middleware 15 140314741922688 API GET /api/v1/notifications/unread-count/ - 0.002s - 401
INFO 2025-09-04 05:33:44,317 middleware 15 140314741922688 API GET /api/v1/teacher-choices/pending/ - 0.002s - 401
INFO 2025-09-04 05:33:44,326 middleware 15 140314741922688 API GET /api/v1/teacher-choices/pending/ - 0.001s - 401
INFO 2025-09-04 05:33:44,333 middleware 15 140314741922688 API GET /api/v1/notifications/unread-count/ - 0.001s - 401
INFO 2025-09-04 05:33:44,376 middleware 15 140314741922688 API POST /api/v1/token/refresh/ - 0.002s - 401
INFO 2025-09-04 05:33:44,383 middleware 15 140314741922688 API POST /api/v1/token/refresh/ - 0.003s - 401
INFO 2025-09-04 05:33:44,391 middleware 15 140314741922688 API GET /api/v1/notifications/unread-count/ - 0.001s - 401
INFO 2025-09-04 05:33:44,395 middleware 15 140314741922688 API GET /api/v1/notifications/unread-count/ - 0.001s - 401
INFO 2025-09-04 05:33:44,404 middleware 15 140314741922688 API GET /api/v1/teacher-choices/pending/ - 0.002s - 401
INFO 2025-09-04 05:33:44,408 middleware 15 140314741922688 API GET /api/v1/teacher-choices/pending/ - 0.001s - 401
INFO 2025-09-04 05:33:44,416 middleware 15 140314741922688 API POST /api/v1/token/refresh/ - 0.004s - 401
INFO 2025-09-04 05:33:44,422 middleware 15 140314741922688 API POST /api/v1/token/refresh/ - 0.001s - 401
INFO 2025-09-04 05:33:44,428 middleware 15 140314741922688 API POST /api/v1/token/refresh/ - 0.001s - 401
INFO 2025-09-04 05:33:44,432 middleware 15 140314741922688 API POST /api/v1/token/refresh/ - 0.002s - 401
INFO 2025-09-04 05:33:44,438 middleware 15 140314741922688 API POST /api/v1/token/refresh/ - 0.001s - 401
INFO 2025-09-04 05:33:44,443 middleware 15 140314741922688 API POST /api/v1/token/refresh/ - 0.001s - 401
INFO 2025-09-04 05:33:47,665 middleware 15 140314741922688 API POST /api/v1/token/ - 0.172s - 401
INFO 2025-09-04 05:35:08,423 middleware 15 129521129286528 API GET /api/v1/profile/ - 0.001s - 401
INFO 2025-09-04 05:35:25,246 middleware 15 129521129286528 API GET /api/v1/profile/ - 0.007s - 401
INFO 2025-09-04 05:35:25,250 middleware 15 129521129286528 API GET /api/v1/profile/ - 0.001s - 401
INFO 2025-09-04 05:35:25,311 middleware 15 129521129286528 API POST /api/v1/token/refresh/ - 0.002s - 401
INFO 2025-09-04 05:35:25,352 middleware 15 129521129286528 API POST /api/v1/token/refresh/ - 0.001s - 401
INFO 2025-09-04 05:35:35,610 middleware 15 129521129286528 API GET /api/v1/profile/ - 0.001s - 401
INFO 2025-09-04 05:35:35,679 middleware 15 129521129286528 API GET /api/v1/profile/ - 0.001s - 401
INFO 2025-09-04 05:35:35,842 middleware 15 129521129286528 API POST /api/v1/token/refresh/ - 0.001s - 401
INFO 2025-09-04 05:35:35,853 middleware 15 129521129286528 API POST /api/v1/token/refresh/ - 0.003s - 401
INFO 2025-09-04 05:35:36,076 middleware 15 129521129286528 API GET /api/v1/profile/ - 0.003s - 401
INFO 2025-09-04 05:35:36,112 middleware 15 129521129286528 API GET /api/v1/profile/ - 0.001s - 401
INFO 2025-09-04 05:35:36,116 middleware 15 129521129286528 API POST /api/v1/token/refresh/ - 0.001s - 401
INFO 2025-09-04 05:35:36,140 middleware 15 129521129286528 API POST /api/v1/token/refresh/ - 0.004s - 401
INFO 2025-09-04 05:36:42,492 middleware 15 129521129286528 API POST /api/v1/token/ - 0.187s - 200
INFO 2025-09-04 05:36:42,537 middleware 15 129521129286528 API GET /api/v1/dashboard/role/ - 0.003s - 200
INFO 2025-09-04 05:36:42,560 middleware 15 129521129286528 API GET /api/v1/profile/ - 0.001s - 401
INFO 2025-09-04 05:36:42,576 middleware 15 129521129286528 API POST /api/v1/token/refresh/ - 0.001s - 401
INFO 2025-09-04 05:36:42,726 middleware 15 129521129286528 API GET /api/v1/notifications/unread-count/ - 0.001s - 401
INFO 2025-09-04 05:36:42,730 middleware 15 129521129286528 API GET /api/v1/teacher-choices/pending/ - 0.001s - 401
INFO 2025-09-04 05:36:42,741 middleware 15 129521129286528 API GET /api/v1/student/enrolled_courses/ - 0.007s - 401
INFO 2025-09-04 05:36:42,748 middleware 15 129521129286528 API GET /api/v1/reviews/assigned/ - 0.002s - 401
INFO 2025-09-04 05:36:42,758 middleware 15 129521129286528 API GET /api/v1/teocoin/balance/ - 0.002s - 401
INFO 2025-09-04 05:36:42,766 middleware 15 129521129286528 API GET /api/v1/pending-teachers/ - 0.002s - 401
INFO 2025-09-04 05:36:42,772 middleware 15 129521129286528 API GET /api/v1/notifications/unread-count/ - 0.002s - 401
INFO 2025-09-04 05:36:42,780 middleware 15 129521129286528 API GET /api/v1/teacher-choices/pending/ - 0.001s - 401
INFO 2025-09-04 05:36:42,784 middleware 15 129521129286528 API GET /api/v1/student/enrolled_courses/ - 0.001s - 401
INFO 2025-09-04 05:36:42,793 middleware 15 129521129286528 API GET /api/v1/reviews/assigned/ - 0.003s - 401
INFO 2025-09-04 05:36:42,798 middleware 15 129521129286528 API GET /api/v1/teocoin/balance/ - 0.001s - 401
INFO 2025-09-04 05:36:42,800 middleware 15 129521129286528 API GET /api/v1/pending-teachers/ - 0.001s - 401
INFO 2025-09-04 05:36:42,836 middleware 15 129521129286528 API POST /api/v1/token/refresh/ - 0.001s - 401
INFO 2025-09-04 05:36:42,841 middleware 15 129521129286528 API POST /api/v1/token/refresh/ - 0.002s - 401
INFO 2025-09-04 05:36:42,851 middleware 15 129521129286528 API POST /api/v1/token/refresh/ - 0.002s - 401
INFO 2025-09-04 05:36:42,861 middleware 15 129521129286528 API POST /api/v1/token/refresh/ - 0.007s - 401
INFO 2025-09-04 05:36:42,870 middleware 15 129521129286528 API POST /api/v1/token/refresh/ - 0.002s - 401
INFO 2025-09-04 05:36:42,881 middleware 15 129521129286528 API POST /api/v1/token/refresh/ - 0.003s - 401
INFO 2025-09-04 05:36:42,887 middleware 15 129521129286528 API POST /api/v1/token/refresh/ - 0.002s - 401
INFO 2025-09-04 05:36:42,896 middleware 15 129521129286528 API POST /api/v1/token/refresh/ - 0.004s - 401
INFO 2025-09-04 05:36:42,903 middleware 15 129521129286528 API POST /api/v1/token/refresh/ - 0.002s - 401
INFO 2025-09-04 05:36:42,917 middleware 15 129521129286528 API POST /api/v1/token/refresh/ - 0.002s - 401
INFO 2025-09-04 05:36:42,925 middleware 15 129521129286528 API POST /api/v1/token/refresh/ - 0.002s - 401
INFO 2025-09-04 05:36:42,934 middleware 15 129521129286528 API POST /api/v1/token/refresh/ - 0.001s - 401
INFO 2025-09-04 05:36:42,986 middleware 15 129521129286528 API GET /api/v1/notifications/unread-count/ - 0.002s - 401
INFO 2025-09-04 05:36:42,989 middleware 15 129521129286528 API GET /api/v1/teacher-choices/pending/ - 0.001s - 401
INFO 2025-09-04 05:36:42,992 middleware 15 129521129286528 API GET /api/v1/notifications/unread-count/ - 0.001s - 401
INFO 2025-09-04 05:36:42,997 middleware 15 129521129286528 API GET /api/v1/teacher-choices/pending/ - 0.001s - 401
INFO 2025-09-04 05:36:43,012 middleware 15 129521129286528 API POST /api/v1/token/refresh/ - 0.001s - 401
INFO 2025-09-04 05:36:43,017 middleware 15 129521129286528 API POST /api/v1/token/refresh/ - 0.001s - 401
INFO 2025-09-04 05:36:43,021 middleware 15 129521129286528 API POST /api/v1/token/refresh/ - 0.001s - 401
INFO 2025-09-04 05:36:43,026 middleware 15 129521129286528 API POST /api/v1/token/refresh/ - 0.001s - 401
INFO 2025-09-04 05:36:44,421 middleware 15 129521129286528 API GET /api/v1/notifications/unread-count/ - 0.001s - 401
INFO 2025-09-04 05:36:44,427 middleware 15 129521129286528 API GET /api/v1/teacher-choices/pending/ - 0.001s - 401
INFO 2025-09-04 05:36:44,434 middleware 15 129521129286528 API GET /api/v1/notifications/unread-count/ - 0.001s - 401
INFO 2025-09-04 05:36:44,441 middleware 15 129521129286528 API GET /api/v1/courses/ - 0.001s - 401
INFO 2025-09-04 05:36:44,444 middleware 15 129521129286528 API GET /api/v1/teacher-choices/pending/ - 0.001s - 401
INFO 2025-09-04 05:36:44,450 middleware 15 129521129286528 API GET /api/v1/courses/ - 0.002s - 401
INFO 2025-09-04 05:36:44,491 middleware 15 129521129286528 API POST /api/v1/token/refresh/ - 0.001s - 401
INFO 2025-09-04 05:36:44,503 middleware 15 129521129286528 API POST /api/v1/token/refresh/ - 0.001s - 401
INFO 2025-09-04 05:36:44,509 middleware 15 129521129286528 API POST /api/v1/token/refresh/ - 0.002s - 401
INFO 2025-09-04 05:36:44,515 middleware 15 129521129286528 API POST /api/v1/token/refresh/ - 0.002s - 401
INFO 2025-09-04 05:36:44,518 middleware 15 129521129286528 API POST /api/v1/token/refresh/ - 0.001s - 401
INFO 2025-09-04 05:36:44,524 middleware 15 129521129286528 API POST /api/v1/token/refresh/ - 0.002s - 401
INFO 2025-09-04 05:36:44,556 middleware 15 129521129286528 API GET /api/v1/student/enrolled_courses/ - 0.001s - 401
INFO 2025-09-04 05:36:44,577 middleware 15 129521129286528 API POST /api/v1/token/refresh/ - 0.001s - 401
INFO 2025-09-04 05:36:45,324 middleware 15 129521129286528 API GET /api/v1/notifications/unread-count/ - 0.001s - 401
INFO 2025-09-04 05:36:45,329 middleware 15 129521129286528 API GET /api/v1/teacher-choices/pending/ - 0.001s - 401
INFO 2025-09-04 05:36:45,337 middleware 15 129521129286528 API GET /api/v1/notifications/unread-count/ - 0.001s - 401
INFO 2025-09-04 05:36:45,342 middleware 15 129521129286528 API GET /api/v1/teacher-choices/pending/ - 0.001s - 401
INFO 2025-09-04 05:36:45,370 middleware 15 129521129286528 API GET /api/v1/notifications/unread-count/ - 0.001s - 401
INFO 2025-09-04 05:36:45,376 middleware 15 129521129286528 API GET /api/v1/teacher-choices/pending/ - 0.002s - 401
INFO 2025-09-04 05:36:45,381 middleware 15 129521129286528 API GET /api/v1/teacher-choices/pending/ - 0.001s - 401
INFO 2025-09-04 05:36:45,386 middleware 15 129521129286528 API GET /api/v1/notifications/unread-count/ - 0.002s - 401
INFO 2025-09-04 05:36:45,391 middleware 15 129521129286528 API POST /api/v1/token/refresh/ - 0.001s - 401
INFO 2025-09-04 05:36:45,395 middleware 15 129521129286528 API POST /api/v1/token/refresh/ - 0.001s - 401
INFO 2025-09-04 05:36:45,402 middleware 15 129521129286528 API POST /api/v1/token/refresh/ - 0.002s - 401
INFO 2025-09-04 05:36:45,407 middleware 15 129521129286528 API POST /api/v1/token/refresh/ - 0.001s - 401
INFO 2025-09-04 05:36:45,429 middleware 15 129521129286528 API POST /api/v1/token/refresh/ - 0.001s - 401
INFO 2025-09-04 05:36:45,432 middleware 15 129521129286528 API POST /api/v1/token/refresh/ - 0.001s - 401
INFO 2025-09-04 05:36:45,437 middleware 15 129521129286528 API POST /api/v1/token/refresh/ - 0.001s - 401
INFO 2025-09-04 05:36:45,442 middleware 15 129521129286528 API POST /api/v1/token/refresh/ - 0.001s - 401
INFO 2025-09-04 05:36:49,202 middleware 15 129521129286528 API GET /api/v1/notifications/unread-count/ - 0.001s - 401
INFO 2025-09-04 05:36:49,207 middleware 15 129521129286528 API GET /api/v1/teacher-choices/pending/ - 0.001s - 401
INFO 2025-09-04 05:36:49,211 middleware 15 129521129286528 API GET /api/v1/notifications/unread-count/ - 0.002s - 401
INFO 2025-09-04 05:36:49,215 middleware 15 129521129286528 API GET /api/v1/teacher-choices/pending/ - 0.001s - 401
INFO 2025-09-04 05:36:49,220 middleware 15 129521129286528 API GET /api/v1/notifications/unread-count/ - 0.001s - 401
INFO 2025-09-04 05:36:49,224 middleware 15 129521129286528 API GET /api/v1/teacher-choices/pending/ - 0.001s - 401
INFO 2025-09-04 05:36:49,228 middleware 15 129521129286528 API GET /api/v1/courses/ - 0.001s - 401
INFO 2025-09-04 05:36:49,231 middleware 15 129521129286528 API GET /api/v1/notifications/unread-count/ - 0.001s - 401
INFO 2025-09-04 05:36:49,235 middleware 15 129521129286528 API GET /api/v1/teacher-choices/pending/ - 0.001s - 401
INFO 2025-09-04 05:36:49,240 middleware 15 129521129286528 API GET /api/v1/courses/ - 0.001s - 401
INFO 2025-09-04 05:36:49,285 middleware 15 129521129286528 API POST /api/v1/token/refresh/ - 0.002s - 401
INFO 2025-09-04 05:36:49,289 middleware 15 129521129286528 API POST /api/v1/token/refresh/ - 0.001s - 401
INFO 2025-09-04 05:36:49,296 middleware 15 129521129286528 API POST /api/v1/token/refresh/ - 0.001s - 401
INFO 2025-09-04 05:36:49,300 middleware 15 129521129286528 API POST /api/v1/token/refresh/ - 0.001s - 401
INFO 2025-09-04 05:36:49,304 middleware 15 129521129286528 API POST /api/v1/token/refresh/ - 0.002s - 401
INFO 2025-09-04 05:36:49,309 middleware 15 129521129286528 API POST /api/v1/token/refresh/ - 0.001s - 401
INFO 2025-09-04 05:36:49,312 middleware 15 129521129286528 API POST /api/v1/token/refresh/ - 0.001s - 401
INFO 2025-09-04 05:36:49,316 middleware 15 129521129286528 API POST /api/v1/token/refresh/ - 0.001s - 401
INFO 2025-09-04 05:36:49,321 middleware 15 129521129286528 API POST /api/v1/token/refresh/ - 0.002s - 401
INFO 2025-09-04 05:36:49,326 middleware 15 129521129286528 API POST /api/v1/token/refresh/ - 0.001s - 401
INFO 2025-09-04 05:36:49,368 middleware 15 129521129286528 API GET /api/v1/student/enrolled_courses/ - 0.001s - 401
INFO 2025-09-04 05:36:49,378 middleware 15 129521129286528 API POST /api/v1/token/refresh/ - 0.001s - 401
INFO 2025-09-04 05:38:34,743 middleware 15 128527153171328 API GET /api/v1/profile/ - 0.007s - 401
INFO 2025-09-04 05:38:34,749 middleware 15 128527153171328 API GET /api/v1/profile/ - 0.001s - 401
INFO 2025-09-04 05:38:34,761 middleware 15 128527153171328 API POST /api/v1/token/refresh/ - 0.003s - 401
INFO 2025-09-04 05:38:34,766 middleware 15 128527153171328 API POST /api/v1/token/refresh/ - 0.001s - 401
INFO 2025-09-04 05:38:37,817 middleware 15 128527153171328 API POST /api/v1/token/ - 0.199s - 200
INFO 2025-09-04 05:38:37,829 middleware 15 128527153171328 API GET /api/v1/dashboard/role/ - 0.003s - 200
INFO 2025-09-04 05:38:37,839 middleware 15 128527153171328 API GET /api/v1/profile/ - 0.001s - 401
INFO 2025-09-04 05:38:37,848 middleware 15 128527153171328 API POST /api/v1/token/refresh/ - 0.001s - 401
INFO 2025-09-04 05:38:37,903 middleware 15 128527153171328 API GET /api/v1/notifications/unread-count/ - 0.001s - 401
INFO 2025-09-04 05:38:37,907 middleware 15 128527153171328 API GET /api/v1/teacher-choices/pending/ - 0.002s - 401
INFO 2025-09-04 05:38:37,919 middleware 15 128527153171328 API GET /api/v1/teocoin/balance/ - 0.001s - 401
INFO 2025-09-04 05:38:37,924 middleware 15 128527153171328 API GET /api/v1/reviews/assigned/ - 0.001s - 401
INFO 2025-09-04 05:38:37,933 middleware 15 128527153171328 API GET /api/v1/student/enrolled_courses/ - 0.002s - 401
INFO 2025-09-04 05:38:37,940 middleware 15 128527153171328 API GET /api/v1/pending-teachers/ - 0.002s - 401
INFO 2025-09-04 05:38:37,946 middleware 15 128527153171328 API GET /api/v1/notifications/unread-count/ - 0.002s - 401
INFO 2025-09-04 05:38:37,955 middleware 15 128527153171328 API GET /api/v1/teacher-choices/pending/ - 0.002s - 401
INFO 2025-09-04 05:38:37,961 middleware 15 128527153171328 API GET /api/v1/student/enrolled_courses/ - 0.002s - 401
INFO 2025-09-04 05:38:37,966 middleware 15 128527153171328 API GET /api/v1/reviews/assigned/ - 0.002s - 401
INFO 2025-09-04 05:38:37,982 middleware 15 128527153171328 API GET /api/v1/teocoin/balance/ - 0.002s - 401
INFO 2025-09-04 05:38:37,987 middleware 15 128527153171328 API GET /api/v1/pending-teachers/ - 0.002s - 401
INFO 2025-09-04 05:38:37,997 middleware 15 128527153171328 API POST /api/v1/token/refresh/ - 0.002s - 401
INFO 2025-09-04 05:38:38,002 middleware 15 128527153171328 API POST /api/v1/token/refresh/ - 0.002s - 401
INFO 2025-09-04 05:38:38,006 middleware 15 128527153171328 API POST /api/v1/token/refresh/ - 0.002s - 401
INFO 2025-09-04 05:38:38,015 middleware 15 128527153171328 API POST /api/v1/token/refresh/ - 0.001s - 401
INFO 2025-09-04 05:38:38,020 middleware 15 128527153171328 API POST /api/v1/token/refresh/ - 0.001s - 401
INFO 2025-09-04 05:38:38,026 middleware 15 128527153171328 API POST /api/v1/token/refresh/ - 0.002s - 401
INFO 2025-09-04 05:38:38,035 middleware 15 128527153171328 API POST /api/v1/token/refresh/ - 0.002s - 401
INFO 2025-09-04 05:38:38,039 middleware 15 128527153171328 API POST /api/v1/token/refresh/ - 0.001s - 401
INFO 2025-09-04 05:38:38,043 middleware 15 128527153171328 API POST /api/v1/token/refresh/ - 0.001s - 401
INFO 2025-09-04 05:38:38,051 middleware 15 128527153171328 API POST /api/v1/token/refresh/ - 0.001s - 401
INFO 2025-09-04 05:38:38,065 middleware 15 128527153171328 API POST /api/v1/token/refresh/ - 0.001s - 401
INFO 2025-09-04 05:38:38,078 middleware 15 128527153171328 API POST /api/v1/token/refresh/ - 0.001s - 401
INFO 2025-09-04 05:38:38,095 middleware 15 128527153171328 API GET /api/v1/notifications/unread-count/ - 0.001s - 401
INFO 2025-09-04 05:38:38,098 middleware 15 128527153171328 API GET /api/v1/teacher-choices/pending/ - 0.001s - 401
INFO 2025-09-04 05:38:38,122 middleware 15 128527153171328 API GET /api/v1/teacher-choices/pending/ - 0.001s - 401
INFO 2025-09-04 05:38:38,126 middleware 15 128527153171328 API GET /api/v1/notifications/unread-count/ - 0.001s - 401
INFO 2025-09-04 05:38:38,135 middleware 15 128527153171328 API POST /api/v1/token/refresh/ - 0.001s - 401
INFO 2025-09-04 05:38:38,148 middleware 15 128527153171328 API POST /api/v1/token/refresh/ - 0.001s - 401
INFO 2025-09-04 05:38:38,160 middleware 15 128527153171328 API POST /api/v1/token/refresh/ - 0.001s - 401
INFO 2025-09-04 05:38:38,175 middleware 15 128527153171328 API POST /api/v1/token/refresh/ - 0.001s - 401
INFO 2025-09-04 05:39:35,788 middleware 15 128527153171328 API GET /api/v1/notifications/unread-count/ - 0.001s - 401
INFO 2025-09-04 05:39:35,794 middleware 15 128527153171328 API GET /api/v1/notifications/unread-count/ - 0.001s - 401
INFO 2025-09-04 05:39:35,832 middleware 15 128527153171328 API POST /api/v1/token/refresh/ - 0.002s - 401
INFO 2025-09-04 05:39:35,841 middleware 15 128527153171328 API POST /api/v1/token/refresh/ - 0.003s - 401
INFO 2025-09-04 05:39:45,769 middleware 15 128527153171328 API GET /api/v1/notifications/unread-count/ - 0.001s - 401
INFO 2025-09-04 05:39:45,774 middleware 15 128527153171328 API GET /api/v1/teocoin/balance/ - 0.002s - 401
INFO 2025-09-04 05:39:45,784 middleware 15 128527153171328 API GET /api/v1/student/enrolled_courses/ - 0.001s - 401
INFO 2025-09-04 05:39:45,788 middleware 15 128527153171328 API GET /api/v1/reviews/assigned/ - 0.001s - 401
INFO 2025-09-04 05:39:45,793 middleware 15 128527153171328 API GET /api/v1/notifications/unread-count/ - 0.001s - 401
INFO 2025-09-04 05:39:45,806 middleware 15 128527153171328 API GET /api/v1/student/enrolled_courses/ - 0.001s - 401
INFO 2025-09-04 05:39:45,816 middleware 15 128527153171328 API GET /api/v1/reviews/assigned/ - 0.006s - 401
INFO 2025-09-04 05:39:45,823 middleware 15 128527153171328 API GET /api/v1/teocoin/balance/ - 0.001s - 401
INFO 2025-09-04 05:39:45,830 middleware 15 128527153171328 API GET /api/v1/notifications/unread-count/ - 0.003s - 401
INFO 2025-09-04 05:39:45,837 middleware 15 128527153171328 API GET /api/v1/notifications/unread-count/ - 0.001s - 401
INFO 2025-09-04 05:39:45,875 middleware 15 128527153171328 API GET /api/v1/notifications/unread-count/ - 0.001s - 401
INFO 2025-09-04 05:39:45,881 middleware 15 128527153171328 API GET /api/v1/courses/ - 0.001s - 401
INFO 2025-09-04 05:39:45,887 middleware 15 128527153171328 API GET /api/v1/courses/ - 0.001s - 401
INFO 2025-09-04 05:39:45,891 middleware 15 128527153171328 API GET /api/v1/notifications/unread-count/ - 0.001s - 401
INFO 2025-09-04 05:39:45,990 middleware 15 128527153171328 API POST /api/v1/token/refresh/ - 0.002s - 401
INFO 2025-09-04 05:39:46,001 middleware 15 128527153171328 API POST /api/v1/token/refresh/ - 0.005s - 401
INFO 2025-09-04 05:39:46,007 middleware 15 128527153171328 API POST /api/v1/token/refresh/ - 0.002s - 401
INFO 2025-09-04 05:39:46,026 middleware 15 128527153171328 API POST /api/v1/token/refresh/ - 0.003s - 401
INFO 2025-09-04 05:39:46,032 middleware 15 128527153171328 API POST /api/v1/token/refresh/ - 0.002s - 401
INFO 2025-09-04 05:39:46,046 middleware 15 128527153171328 API POST /api/v1/token/refresh/ - 0.002s - 401
INFO 2025-09-04 05:39:46,058 middleware 15 128527153171328 API POST /api/v1/token/refresh/ - 0.002s - 401
INFO 2025-09-04 05:39:46,064 middleware 15 128527153171328 API POST /api/v1/token/refresh/ - 0.001s - 401
INFO 2025-09-04 05:39:46,069 middleware 15 128527153171328 API POST /api/v1/token/refresh/ - 0.002s - 401
INFO 2025-09-04 05:39:46,077 middleware 15 128527153171328 API POST /api/v1/token/refresh/ - 0.001s - 401
INFO 2025-09-04 05:39:46,083 middleware 15 128527153171328 API POST /api/v1/token/refresh/ - 0.001s - 401
INFO 2025-09-04 05:39:46,089 middleware 15 128527153171328 API POST /api/v1/token/refresh/ - 0.003s - 401
INFO 2025-09-04 05:39:46,099 middleware 15 128527153171328 API POST /api/v1/token/refresh/ - 0.005s - 401
INFO 2025-09-04 05:39:46,108 middleware 15 128527153171328 API POST /api/v1/token/refresh/ - 0.002s - 401
INFO 2025-09-04 05:39:46,115 middleware 15 128527153171328 API GET /api/v1/notifications/unread-count/ - 0.001s - 401
INFO 2025-09-04 05:39:46,123 middleware 15 128527153171328 API GET /api/v1/notifications/unread-count/ - 0.002s - 401
INFO 2025-09-04 05:39:46,150 middleware 15 128527153171328 API POST /api/v1/token/refresh/ - 0.002s - 401
INFO 2025-09-04 05:39:46,156 middleware 15 128527153171328 API POST /api/v1/token/refresh/ - 0.002s - 401
INFO 2025-09-04 05:39:46,162 middleware 15 128527153171328 API GET /api/v1/student/enrolled_courses/ - 0.001s - 401
INFO 2025-09-04 05:39:46,176 middleware 15 128527153171328 API POST /api/v1/token/refresh/ - 0.001s - 401
INFO 2025-09-04 05:39:56,619 middleware 15 128527153171328 API GET /api/v1/notifications/unread-count/ - 0.001s - 401
INFO 2025-09-04 05:39:56,624 middleware 15 128527153171328 API GET /api/v1/reviews/assigned/ - 0.001s - 401
INFO 2025-09-04 05:39:56,629 middleware 15 128527153171328 API GET /api/v1/teocoin/balance/ - 0.001s - 401
INFO 2025-09-04 05:39:56,641 middleware 15 128527153171328 API GET /api/v1/student/enrolled_courses/ - 0.001s - 401
INFO 2025-09-04 05:39:56,646 middleware 15 128527153171328 API GET /api/v1/teocoin/balance/ - 0.002s - 401
INFO 2025-09-04 05:39:56,656 middleware 15 128527153171328 API GET /api/v1/student/enrolled_courses/ - 0.002s - 401
INFO 2025-09-04 05:39:56,662 middleware 15 128527153171328 API GET /api/v1/reviews/assigned/ - 0.001s - 401
INFO 2025-09-04 05:39:56,666 middleware 15 128527153171328 API GET /api/v1/notifications/unread-count/ - 0.001s - 401
INFO 2025-09-04 05:39:56,672 middleware 15 128527153171328 API GET /api/v1/notifications/unread-count/ - 0.002s - 401
INFO 2025-09-04 05:39:56,681 middleware 15 128527153171328 API GET /api/v1/notifications/unread-count/ - 0.001s - 401
INFO 2025-09-04 05:39:56,727 middleware 15 128527153171328 API GET /api/v1/notifications/unread-count/ - 0.001s - 401
INFO 2025-09-04 05:39:56,732 middleware 15 128527153171328 API GET /api/v1/courses/ - 0.002s - 401
INFO 2025-09-04 05:39:56,741 middleware 15 128527153171328 API GET /api/v1/courses/ - 0.002s - 401
INFO 2025-09-04 05:39:56,745 middleware 15 128527153171328 API GET /api/v1/notifications/unread-count/ - 0.001s - 401
INFO 2025-09-04 05:39:56,877 middleware 15 128527153171328 API POST /api/v1/token/refresh/ - 0.002s - 401
INFO 2025-09-04 05:39:56,884 middleware 15 128527153171328 API POST /api/v1/token/refresh/ - 0.003s - 401
INFO 2025-09-04 05:39:56,891 middleware 15 128527153171328 API POST /api/v1/token/refresh/ - 0.002s - 401
INFO 2025-09-04 05:39:56,897 middleware 15 128527153171328 API POST /api/v1/token/refresh/ - 0.002s - 401
INFO 2025-09-04 05:39:56,902 middleware 15 128527153171328 API POST /api/v1/token/refresh/ - 0.001s - 401
INFO 2025-09-04 05:39:56,911 middleware 15 128527153171328 API POST /api/v1/token/refresh/ - 0.002s - 401
INFO 2025-09-04 05:39:56,915 middleware 15 128527153171328 API POST /api/v1/token/refresh/ - 0.001s - 401
INFO 2025-09-04 05:39:56,919 middleware 15 128527153171328 API POST /api/v1/token/refresh/ - 0.001s - 401
INFO 2025-09-04 05:39:56,926 middleware 15 128527153171328 API POST /api/v1/token/refresh/ - 0.001s - 401
INFO 2025-09-04 05:39:56,931 middleware 15 128527153171328 API POST /api/v1/token/refresh/ - 0.001s - 401
INFO 2025-09-04 05:39:56,935 middleware 15 128527153171328 API POST /api/v1/token/refresh/ - 0.001s - 401
INFO 2025-09-04 05:39:56,942 middleware 15 128527153171328 API POST /api/v1/token/refresh/ - 0.004s - 401
INFO 2025-09-04 05:39:56,951 middleware 15 128527153171328 API POST /api/v1/token/refresh/ - 0.001s - 401
INFO 2025-09-04 05:39:56,955 middleware 15 128527153171328 API POST /api/v1/token/refresh/ - 0.001s - 401
INFO 2025-09-04 05:39:56,959 middleware 15 128527153171328 API GET /api/v1/notifications/unread-count/ - 0.001s - 401
INFO 2025-09-04 05:39:56,963 middleware 15 128527153171328 API GET /api/v1/notifications/unread-count/ - 0.001s - 401
INFO 2025-09-04 05:39:56,978 middleware 15 128527153171328 API POST /api/v1/token/refresh/ - 0.001s - 401
INFO 2025-09-04 05:39:56,981 middleware 15 128527153171328 API POST /api/v1/token/refresh/ - 0.001s - 401
INFO 2025-09-04 05:39:57,009 middleware 15 128527153171328 API GET /api/v1/student/enrolled_courses/ - 0.001s - 401
INFO 2025-09-04 05:39:57,016 middleware 15 128527153171328 API POST /api/v1/token/refresh/ - 0.001s - 401
INFO 2025-09-04 08:53:54,896 middleware 15 124508068371328 API POST /api/v1/token/ - 0.199s - 200
INFO 2025-09-04 08:53:54,937 middleware 15 124508068371328 API GET /api/v1/dashboard/role/ - 0.002s - 200
INFO 2025-09-04 09:06:47,277 middleware 15 129396382083968 API POST /api/v1/token/ - 0.182s - 200
INFO 2025-09-04 09:06:47,319 middleware 15 129396382083968 API GET /api/v1/dashboard/role/ - 0.002s - 200
INFO 2025-09-04 09:07:02,696 middleware 15 129396382083968 API POST /api/v1/token/ - 0.198s - 401
INFO 2025-09-04 09:07:06,980 middleware 15 129396382083968 API POST /api/v1/token/ - 0.173s - 200
INFO 2025-09-04 09:07:07,009 middleware 15 129396382083968 API GET /api/v1/dashboard/role/ - 0.002s - 200
INFO 2025-09-04 09:11:38,359 middleware 15 129396382083968 API POST /api/v1/token/ - 0.211s - 200
INFO 2025-09-04 09:11:38,399 middleware 15 129396382083968 API GET /api/v1/dashboard/role/ - 0.002s - 200
INFO 2025-09-04 09:15:44,207 middleware 15 129396382083968 API POST /api/v1/token/ - 0.188s - 200
INFO 2025-09-04 09:15:44,219 middleware 15 129396382083968 API GET /api/v1/dashboard/role/ - 0.002s - 200
INFO 2025-09-04 09:44:13,010 middleware 16 130406449294208 API GET /api/v1/teocoin/balance/ - 0.014s - 200
INFO 2025-09-04 09:44:26,618 middleware 16 130406449294208 API GET /api/v1/teocoin/balance/ - 0.002s - 200
INFO 2025-09-04 09:49:15,337 middleware 16 130406449294208 API GET /api/v1/notifications/unread-count/ - 0.002s - 401
INFO 2025-09-04 09:49:15,345 middleware 16 130406449294208 API GET /api/v1/student/enrolled_courses/ - 0.001s - 401
INFO 2025-09-04 09:49:15,356 middleware 16 130406449294208 API GET /api/v1/teocoin/balance/ - 0.001s - 401
INFO 2025-09-04 09:49:15,361 middleware 16 130406449294208 API GET /api/v1/reviews/assigned/ - 0.001s - 401
INFO 2025-09-04 09:49:15,373 middleware 16 130406449294208 API GET /api/v1/notifications/unread-count/ - 0.001s - 401
INFO 2025-09-04 09:49:15,388 middleware 16 130406449294208 API GET /api/v1/notifications/unread-count/ - 0.001s - 401
INFO 2025-09-04 09:49:15,395 middleware 16 130406449294208 API GET /api/v1/notifications/unread-count/ - 0.001s - 401
INFO 2025-09-04 09:49:15,423 middleware 16 130406449294208 API GET /api/v1/reviews/assigned/ - 0.001s - 401
INFO 2025-09-04 09:49:15,428 middleware 16 130406449294208 API GET /api/v1/student/enrolled_courses/ - 0.001s - 401
INFO 2025-09-04 09:49:15,438 middleware 16 130406449294208 API GET /api/v1/teocoin/balance/ - 0.001s - 401
INFO 2025-09-04 09:49:21,353 middleware 16 130406449294208 API POST /api/v1/token/ - 0.205s - 401
INFO 2025-09-04 09:49:27,323 middleware 16 130406449294208 API POST /api/v1/token/ - 0.195s - 200
INFO 2025-09-04 09:49:27,341 middleware 16 130406449294208 API GET /api/v1/dashboard/role/ - 0.002s - 200
INFO 2025-09-04 09:49:27,399 middleware 16 130406449294208 API GET /api/v1/profile/ - 0.044s - 200
INFO 2025-09-04 09:49:27,406 middleware 16 130406449294208 API GET /api/v1/profile/ - 0.004s - 200
INFO 2025-09-04 09:49:27,450 middleware 16 130406449294208 API GET /api/v1/teocoin/balance/ - 0.003s - 200
INFO 2025-09-04 09:49:27,455 middleware 16 130406449294208 API GET /api/v1/teocoin/balance/ - 0.003s - 200
INFO 2025-09-04 09:49:27,582 middleware 16 130406449294208 API GET /api/v1/notifications/unread-count/ - 0.023s - 200
INFO 2025-09-04 09:49:27,592 middleware 16 130406449294208 API GET /api/v1/student/enrolled_courses/ - 0.007s - 200
INFO 2025-09-04 09:49:27,618 middleware 16 130406449294208 API GET /api/v1/reviews/assigned/ - 0.016s - 200
INFO 2025-09-04 09:49:27,630 middleware 16 130406449294208 API GET /api/v1/teocoin/balance/ - 0.008s - 200
INFO 2025-09-04 09:49:27,664 middleware 16 130406449294208 API GET /api/v1/teocoin/transactions/ - 0.030s - 200
INFO 2025-09-04 09:49:27,670 middleware 16 130406449294208 API GET /api/v1/notifications/unread-count/ - 0.003s - 200
INFO 2025-09-04 09:49:27,681 middleware 16 130406449294208 API GET /api/v1/student/enrolled_courses/ - 0.007s - 200
INFO 2025-09-04 09:49:27,687 middleware 16 130406449294208 API GET /api/v1/reviews/assigned/ - 0.004s - 200
INFO 2025-09-04 09:49:27,698 middleware 16 130406449294208 API GET /api/v1/teocoin/balance/ - 0.007s - 200
INFO 2025-09-04 09:49:27,758 middleware 16 130406449294208 API GET /api/v1/teocoin/transactions/ - 0.005s - 200
INFO 2025-09-04 09:49:27,829 middleware 16 130406449294208 API GET /api/v1/notifications/unread-count/ - 0.007s - 200
INFO 2025-09-04 09:49:27,840 middleware 16 130406449294208 API GET /api/v1/notifications/unread-count/ - 0.004s - 200
INFO 2025-09-04 09:49:27,846 middleware 16 130406449294208 API GET /api/v1/notifications/unread-count/ - 0.003s - 200
INFO 2025-09-04 09:49:27,853 middleware 16 130406449294208 API GET /api/v1/notifications/unread-count/ - 0.004s - 200
INFO 2025-09-04 09:52:01,741 middleware 16 130406449294208 API GET /api/v1/notifications/unread-count/ - 0.001s - 401
INFO 2025-09-04 09:52:01,745 middleware 16 130406449294208 API GET /api/v1/student/enrolled_courses/ - 0.001s - 401
INFO 2025-09-04 09:52:01,747 middleware 16 130406449294208 API GET /api/v1/reviews/assigned/ - 0.000s - 401
INFO 2025-09-04 09:52:01,749 middleware 16 130406449294208 API GET /api/v1/teocoin/balance/ - 0.000s - 401
INFO 2025-09-04 09:52:01,769 middleware 16 130406449294208 API GET /api/v1/notifications/unread-count/ - 0.002s - 401
INFO 2025-09-04 09:52:01,773 middleware 16 130406449294208 API GET /api/v1/notifications/unread-count/ - 0.001s - 401
INFO 2025-09-04 09:52:01,779 middleware 16 130406449294208 API GET /api/v1/notifications/unread-count/ - 0.002s - 401
INFO 2025-09-04 09:52:01,787 middleware 16 130406449294208 API GET /api/v1/student/enrolled_courses/ - 0.002s - 401
INFO 2025-09-04 09:52:01,795 middleware 16 130406449294208 API GET /api/v1/reviews/assigned/ - 0.001s - 401
INFO 2025-09-04 09:52:01,805 middleware 16 130406449294208 API GET /api/v1/teocoin/balance/ - 0.001s - 401
INFO 2025-09-04 09:52:01,949 middleware 16 130406449294208 API GET /api/v1/notifications/unread-count/ - 0.001s - 401
INFO 2025-09-04 09:52:01,952 middleware 16 130406449294208 API GET /api/v1/notifications/unread-count/ - 0.001s - 401
INFO 2025-09-04 09:52:01,956 middleware 16 130406449294208 API GET /api/v1/courses/ - 0.001s - 401
INFO 2025-09-04 09:52:01,966 middleware 16 130406449294208 API GET /api/v1/courses/ - 0.001s - 401
INFO 2025-09-04 09:52:01,994 middleware 16 130406449294208 API GET /api/v1/student/enrolled_courses/ - 0.001s - 401
INFO 2025-09-04 09:52:02,022 middleware 16 130406449294208 API GET /api/v1/notifications/unread-count/ - 0.003s - 401
INFO 2025-09-04 09:52:02,026 middleware 16 130406449294208 API GET /api/v1/notifications/unread-count/ - 0.001s - 401
INFO 2025-09-04 09:52:05,115 middleware 16 130406449294208 API GET /api/v1/notifications/unread-count/ - 0.001s - 401
INFO 2025-09-04 09:52:05,118 middleware 16 130406449294208 API GET /api/v1/notifications/unread-count/ - 0.001s - 401
INFO 2025-09-04 09:52:22,598 middleware 16 130406449294208 API POST /api/v1/token/ - 0.181s - 200
INFO 2025-09-04 09:52:22,610 middleware 16 130406449294208 API GET /api/v1/dashboard/role/ - 0.002s - 200
INFO 2025-09-04 09:52:22,624 middleware 16 130406449294208 API GET /api/v1/profile/ - 0.004s - 200
INFO 2025-09-04 09:52:22,632 middleware 16 130406449294208 API GET /api/v1/profile/ - 0.003s - 200
INFO 2025-09-04 09:52:22,640 middleware 16 130406449294208 API GET /api/v1/teocoin/balance/ - 0.004s - 200
INFO 2025-09-04 09:52:22,648 middleware 16 130406449294208 API GET /api/v1/teocoin/balance/ - 0.004s - 200
INFO 2025-09-04 09:52:22,772 middleware 16 130406449294208 API GET /api/v1/student/enrolled_courses/ - 0.007s - 200
INFO 2025-09-04 09:52:22,784 middleware 16 130406449294208 API GET /api/v1/reviews/assigned/ - 0.010s - 200
INFO 2025-09-04 09:52:22,793 middleware 16 130406449294208 API GET /api/v1/notifications/unread-count/ - 0.005s - 200
INFO 2025-09-04 09:52:22,804 middleware 16 130406449294208 API GET /api/v1/student/enrolled_courses/ - 0.008s - 200
INFO 2025-09-04 09:52:22,818 middleware 16 130406449294208 API GET /api/v1/notifications/unread-count/ - 0.007s - 200
INFO 2025-09-04 09:52:22,827 middleware 16 130406449294208 API GET /api/v1/teocoin/balance/ - 0.005s - 200
INFO 2025-09-04 09:52:22,838 middleware 16 130406449294208 API GET /api/v1/reviews/assigned/ - 0.006s - 200
INFO 2025-09-04 09:52:22,848 middleware 16 130406449294208 API GET /api/v1/teocoin/balance/ - 0.007s - 200
INFO 2025-09-04 09:52:22,858 middleware 16 130406449294208 API GET /api/v1/notifications/unread-count/ - 0.007s - 200
INFO 2025-09-04 09:52:22,870 middleware 16 130406449294208 API GET /api/v1/notifications/unread-count/ - 0.006s - 200
INFO 2025-09-04 09:52:22,884 middleware 16 130406449294208 API GET /api/v1/notifications/unread-count/ - 0.005s - 200
INFO 2025-09-04 09:52:22,889 middleware 16 130406449294208 API GET /api/v1/notifications/unread-count/ - 0.003s - 200
INFO 2025-09-04 09:52:25,715 middleware 16 130406449294208 API GET /api/v1/notifications/unread-count/ - 0.004s - 200
INFO 2025-09-04 09:52:25,723 middleware 16 130406449294208 API GET /api/v1/teocoin/transactions/ - 0.004s - 200
INFO 2025-09-04 09:52:25,730 middleware 16 130406449294208 API GET /api/v1/notifications/unread-count/ - 0.004s - 200
INFO 2025-09-04 09:52:25,737 middleware 16 130406449294208 API GET /api/v1/teocoin/transactions/ - 0.005s - 200
INFO 2025-09-04 09:55:04,765 middleware 16 130406449294208 API POST /api/v1/token/ - 0.201s - 401
INFO 2025-09-04 09:55:08,885 middleware 16 130406449294208 API POST /api/v1/token/ - 0.183s - 200
INFO 2025-09-04 09:55:08,906 middleware 16 130406449294208 API GET /api/v1/dashboard/role/ - 0.002s - 200
INFO 2025-09-04 09:59:08,736 middleware 16 130406449294208 API GET /api/v1/notifications/unread-count/ - 0.001s - 401
INFO 2025-09-04 09:59:08,742 middleware 16 130406449294208 API GET /api/v1/student/enrolled_courses/ - 0.001s - 401
INFO 2025-09-04 09:59:08,746 middleware 16 130406449294208 API GET /api/v1/reviews/assigned/ - 0.001s - 401
INFO 2025-09-04 09:59:08,751 middleware 16 130406449294208 API GET /api/v1/teocoin/balance/ - 0.002s - 401
INFO 2025-09-04 09:59:22,578 middleware 16 130406449294208 API POST /api/v1/token/ - 0.176s - 200
INFO 2025-09-04 09:59:22,587 middleware 16 130406449294208 API GET /api/v1/dashboard/role/ - 0.002s - 200
INFO 2025-09-04 09:59:22,600 middleware 16 130406449294208 API GET /api/v1/profile/ - 0.002s - 200
INFO 2025-09-04 09:59:22,629 middleware 16 130406449294208 API GET /api/v1/notifications/unread-count/ - 0.005s - 200
INFO 2025-09-04 09:59:22,637 middleware 16 130406449294208 API GET /api/v1/teacher-choices/pending/ - 0.005s - 403
INFO 2025-09-04 09:59:22,647 middleware 16 130406449294208 API GET /api/v1/student/enrolled_courses/ - 0.006s - 200
INFO 2025-09-04 09:59:22,656 middleware 16 130406449294208 API GET /api/v1/reviews/assigned/ - 0.005s - 200
INFO 2025-09-04 09:59:22,665 middleware 16 130406449294208 API GET /api/v1/teocoin/balance/ - 0.005s - 200
INFO 2025-09-04 09:59:22,675 middleware 16 130406449294208 API GET /api/v1/pending-teachers/ - 0.004s - 200
INFO 2025-09-04 09:59:22,680 middleware 16 130406449294208 API GET /api/v1/teocoin/balance/ - 0.003s - 200
INFO 2025-09-04 09:59:27,467 middleware 16 130406449294208 API GET /api/v1/teocoin/transactions/ - 0.004s - 200
INFO 2025-09-04 09:59:27,478 middleware 16 130406449294208 API GET /api/v1/teocoin/balance/ - 0.005s - 200
INFO 2025-09-04 09:59:57,629 middleware 16 130406449294208 API GET /api/v1/teocoin/transactions/ - 0.003s - 200
INFO 2025-09-04 10:00:27,807 middleware 16 130406449294208 API GET /api/v1/teocoin/transactions/ - 0.002s - 200
INFO 2025-09-04 10:00:58,190 middleware 16 130406449294208 API GET /api/v1/teocoin/transactions/ - 0.002s - 200
INFO 2025-09-04 10:01:09,686 middleware 16 130406449294208 API GET /api/v1/notifications/unread-count/ - 0.005s - 200
INFO 2025-09-04 10:01:09,694 middleware 16 130406449294208 API GET /api/v1/teacher-choices/pending/ - 0.002s - 403
INFO 2025-09-04 10:01:34,398 middleware 16 130406449294208 API POST /api/v1/token/ - 0.184s - 200
INFO 2025-09-04 10:01:34,413 middleware 16 130406449294208 API GET /api/v1/dashboard/role/ - 0.002s - 200
INFO 2025-09-04 10:01:40,814 middleware 16 130406449294208 API GET /api/v1/notifications/unread-count/ - 0.006s - 200
INFO 2025-09-04 10:01:40,821 middleware 16 130406449294208 API GET /api/v1/teacher-choices/pending/ - 0.003s - 403
INFO 2025-09-04 10:01:40,836 middleware 16 130406449294208 API GET /api/v1/student/enrolled_courses/ - 0.008s - 200
INFO 2025-09-04 10:01:40,846 middleware 16 130406449294208 API GET /api/v1/reviews/assigned/ - 0.004s - 200
INFO 2025-09-04 10:01:40,853 middleware 16 130406449294208 API GET /api/v1/teocoin/balance/ - 0.004s - 200
INFO 2025-09-04 10:01:40,863 middleware 16 130406449294208 API GET /api/v1/profile/ - 0.003s - 200
INFO 2025-09-04 10:01:40,869 middleware 16 130406449294208 API GET /api/v1/teacher-choices/pending/ - 0.003s - 403
INFO 2025-09-04 10:01:40,880 middleware 16 130406449294208 API GET /api/v1/notifications/unread-count/ - 0.004s - 200
INFO 2025-09-04 10:01:40,958 middleware 16 130406449294208 API GET /api/v1/notifications/unread-count/ - 0.003s - 200
INFO 2025-09-04 10:01:40,962 middleware 16 130406449294208 API GET /api/v1/teacher-choices/pending/ - 0.002s - 403
INFO 2025-09-04 10:01:40,968 middleware 16 130406449294208 API GET /api/v1/teocoin/balance/ - 0.003s - 200
INFO 2025-09-04 10:01:41,012 middleware 16 130406449294208 API GET /api/v1/notifications/unread-count/ - 0.003s - 200
INFO 2025-09-04 10:01:41,020 middleware 16 130406449294208 API GET /api/v1/teacher-choices/pending/ - 0.005s - 403
INFO 2025-09-04 10:01:41,026 middleware 16 130406449294208 API GET /api/v1/teocoin/balance/ - 0.003s - 200
INFO 2025-09-04 10:01:41,036 middleware 16 130406449294208 API GET /api/v1/teocoin/transactions/ - 0.007s - 200
INFO 2025-09-04 10:01:45,589 middleware 16 130406449294208 API GET /api/v1/notifications/unread-count/ - 0.001s - 401
INFO 2025-09-04 10:01:45,592 middleware 16 130406449294208 API GET /api/v1/notifications/unread-count/ - 0.001s - 401
INFO 2025-09-04 10:02:02,398 middleware 16 130406449294208 API POST /api/v1/token/ - 0.182s - 200
INFO 2025-09-04 10:02:02,409 middleware 16 130406449294208 API GET /api/v1/dashboard/role/ - 0.002s - 200
INFO 2025-09-04 10:02:02,424 middleware 16 130406449294208 API GET /api/v1/profile/ - 0.004s - 200
INFO 2025-09-04 10:02:02,455 middleware 16 130406449294208 API GET /api/v1/notifications/unread-count/ - 0.005s - 200
INFO 2025-09-04 10:02:02,460 middleware 16 130406449294208 API GET /api/v1/teacher-choices/pending/ - 0.002s - 403
INFO 2025-09-04 10:02:02,466 middleware 16 130406449294208 API GET /api/v1/student/enrolled_courses/ - 0.003s - 200
INFO 2025-09-04 10:02:02,474 middleware 16 130406449294208 API GET /api/v1/reviews/assigned/ - 0.004s - 200
INFO 2025-09-04 10:02:02,611 middleware 16 130406449294208 API GET /api/v1/teocoin/balance/ - 0.131s - 200
INFO 2025-09-04 10:02:02,618 middleware 16 130406449294208 API GET /api/v1/teocoin/transactions/ - 0.003s - 200
INFO 2025-09-04 10:02:02,624 middleware 16 130406449294208 API GET /api/v1/teocoin/balance/ - 0.004s - 200
INFO 2025-09-04 10:02:02,635 middleware 16 130406449294208 API GET /api/v1/teocoin/balance/ - 0.004s - 200
INFO 2025-09-04 10:02:02,643 middleware 16 130406449294208 API GET /api/v1/notifications/unread-count/ - 0.004s - 200
INFO 2025-09-04 10:02:02,650 middleware 16 130406449294208 API GET /api/v1/teacher-choices/pending/ - 0.003s - 403
INFO 2025-09-04 10:02:02,687 middleware 16 130406449294208 API GET /api/v1/notifications/unread-count/ - 0.003s - 200
INFO 2025-09-04 10:02:02,695 middleware 16 130406449294208 API GET /api/v1/teacher-choices/pending/ - 0.006s - 403
INFO 2025-09-04 10:02:08,267 middleware 16 130406449294208 API GET /api/v1/notifications/unread-count/ - 0.007s - 200
INFO 2025-09-04 10:02:08,279 middleware 16 130406449294208 API GET /api/v1/teacher-choices/pending/ - 0.003s - 403
INFO 2025-09-04 10:02:08,287 middleware 16 130406449294208 API GET /api/v1/student/enrolled_courses/ - 0.004s - 200
INFO 2025-09-04 10:02:08,298 middleware 16 130406449294208 API GET /api/v1/reviews/assigned/ - 0.005s - 200
INFO 2025-09-04 10:02:08,310 middleware 16 130406449294208 API GET /api/v1/teocoin/balance/ - 0.007s - 200
INFO 2025-09-04 10:02:08,316 middleware 16 130406449294208 API GET /api/v1/profile/ - 0.002s - 200
INFO 2025-09-04 10:02:08,321 middleware 16 130406449294208 API GET /api/v1/teacher-choices/pending/ - 0.002s - 403
INFO 2025-09-04 10:02:08,331 middleware 16 130406449294208 API GET /api/v1/notifications/unread-count/ - 0.005s - 200
INFO 2025-09-04 10:02:08,349 middleware 16 130406449294208 API GET /api/v1/notifications/unread-count/ - 0.003s - 200
INFO 2025-09-04 10:02:08,356 middleware 16 130406449294208 API GET /api/v1/teacher-choices/pending/ - 0.004s - 403
INFO 2025-09-04 10:02:08,361 middleware 16 130406449294208 API GET /api/v1/teocoin/balance/ - 0.003s - 200
INFO 2025-09-04 10:02:08,387 middleware 16 130406449294208 API GET /api/v1/notifications/unread-count/ - 0.005s - 200
INFO 2025-09-04 10:02:08,393 middleware 16 130406449294208 API GET /api/v1/teacher-choices/pending/ - 0.003s - 403
INFO 2025-09-04 10:02:08,399 middleware 16 130406449294208 API GET /api/v1/teocoin/transactions/ - 0.003s - 200
INFO 2025-09-04 10:02:08,407 middleware 16 130406449294208 API GET /api/v1/teocoin/balance/ - 0.003s - 200
INFO 2025-09-04 10:02:38,584 middleware 16 130406449294208 API GET /api/v1/teocoin/transactions/ - 0.003s - 200
INFO 2025-09-04 10:03:08,768 middleware 16 130406449294208 API GET /api/v1/teocoin/transactions/ - 0.002s - 200
INFO 2025-09-04 10:03:38,939 middleware 16 130406449294208 API GET /api/v1/teocoin/transactions/ - 0.003s - 200
INFO 2025-09-04 10:04:09,139 middleware 16 130406449294208 API GET /api/v1/teocoin/transactions/ - 0.003s - 200
INFO 2025-09-04 10:04:39,302 middleware 16 130406449294208 API GET /api/v1/teocoin/transactions/ - 0.002s - 200
INFO 2025-09-04 10:05:07,926 middleware 16 130406449294208 API GET /api/v1/teocoin/transactions/ - 0.002s - 200
INFO 2025-09-04 10:05:38,202 middleware 16 130406449294208 API GET /api/v1/teocoin/transactions/ - 0.009s - 200
INFO 2025-09-04 10:06:08,296 middleware 16 130406449294208 API GET /api/v1/teocoin/transactions/ - 0.003s - 200
INFO 2025-09-04 10:06:38,472 middleware 16 130406449294208 API GET /api/v1/teocoin/transactions/ - 0.004s - 200
INFO 2025-09-04 10:06:39,411 middleware 16 130406449294208 API GET /api/v1/notifications/unread-count/ - 0.005s - 200
INFO 2025-09-04 10:06:39,421 middleware 16 130406449294208 API GET /api/v1/student/enrolled_courses/ - 0.007s - 200
INFO 2025-09-04 10:06:39,429 middleware 16 130406449294208 API GET /api/v1/reviews/assigned/ - 0.004s - 200
INFO 2025-09-04 10:06:39,437 middleware 16 130406449294208 API GET /api/v1/teacher-choices/pending/ - 0.004s - 403
INFO 2025-09-04 10:06:39,444 middleware 16 130406449294208 API GET /api/v1/teocoin/balance/ - 0.003s - 200
INFO 2025-09-04 10:06:39,452 middleware 16 130406449294208 API GET /api/v1/profile/ - 0.002s - 200
INFO 2025-09-04 10:06:39,457 middleware 16 130406449294208 API GET /api/v1/teacher-choices/pending/ - 0.002s - 403
INFO 2025-09-04 10:06:39,466 middleware 16 130406449294208 API GET /api/v1/notifications/unread-count/ - 0.007s - 200
INFO 2025-09-04 10:06:39,916 middleware 16 130406449294208 API GET /api/v1/notifications/unread-count/ - 0.003s - 200
INFO 2025-09-04 10:06:39,920 middleware 16 130406449294208 API GET /api/v1/teacher-choices/pending/ - 0.002s - 403
INFO 2025-09-04 10:06:39,929 middleware 16 130406449294208 API GET /api/v1/teocoin/balance/ - 0.004s - 200
INFO 2025-09-04 10:06:39,971 middleware 16 130406449294208 API GET /api/v1/notifications/unread-count/ - 0.004s - 200
INFO 2025-09-04 10:06:39,983 middleware 16 130406449294208 API GET /api/v1/teacher-choices/pending/ - 0.003s - 403
INFO 2025-09-04 10:06:39,995 middleware 16 130406449294208 API GET /api/v1/teocoin/transactions/ - 0.007s - 200
INFO 2025-09-04 10:06:40,008 middleware 16 130406449294208 API GET /api/v1/teocoin/balance/ - 0.007s - 200
INFO 2025-09-04 10:07:10,194 middleware 16 130406449294208 API GET /api/v1/teocoin/transactions/ - 0.002s - 200
INFO 2025-09-04 10:07:40,604 middleware 16 130406449294208 API GET /api/v1/teocoin/transactions/ - 0.004s - 200
INFO 2025-09-04 10:08:10,819 middleware 16 130406449294208 API GET /api/v1/teocoin/transactions/ - 0.004s - 200
INFO 2025-09-04 10:08:40,723 middleware 16 130406449294208 API GET /api/v1/teocoin/transactions/ - 0.003s - 200
INFO 2025-09-04 10:09:10,919 middleware 16 130406449294208 API GET /api/v1/teocoin/transactions/ - 0.002s - 200
INFO 2025-09-04 10:09:43,760 middleware 15 131702481132416 API GET /api/v1/teocoin/transactions/ - 0.015s - 200
INFO 2025-09-04 10:10:09,689 middleware 15 131702481132416 API GET /api/v1/teocoin/transactions/ - 0.003s - 200
